<?xml version="1.0" encoding="UTF-8"?>
<!-- Generated by org.testng.reporters.JUnitReportReporter -->
<testsuite name="Module1.DatagetingformOtherProgram" tests="3" time="0.022" ignored="0" failures="0" timestamp="27 Feb 2017 04:13:18 GMT" skipped="0" hostname="Deccansoft-6" errors="0">
  <testcase name="Login" time="0.019" classname="Module1.DatagetingformOtherProgram"/>
  <testcase name="Login" time="0.002" classname="Module1.DatagetingformOtherProgram"/>
  <testcase name="Login" time="0.001" classname="Module1.DatagetingformOtherProgram"/>
</testsuite> <!-- Module1.DatagetingformOtherProgram -->
