<?xml version="1.0" encoding="UTF-8"?>
<!-- Generated by org.testng.reporters.JUnitReportReporter -->
<testsuite name="Module1.Dataprovider" tests="3" time="0.028" ignored="0" failures="0" timestamp="09 Feb 2017 09:14:58 GMT" skipped="0" hostname="Deccansoft-6" errors="0">
  <testcase name="Login" time="0.002" classname="Module1.Dataprovider"/>
  <testcase name="Login" time="0.002" classname="Module1.Dataprovider"/>
  <testcase name="Login" time="0.024" classname="Module1.Dataprovider"/>
</testsuite> <!-- Module1.Dataprovider -->
