<?xml version="1.0" encoding="UTF-8"?>
<!-- Generated by org.testng.reporters.JUnitReportReporter -->
<testsuite name="Module1.TestngSample" tests="3" time="0.014" ignored="0" failures="0" timestamp="08 Feb 2017 09:23:27 GMT" skipped="0" hostname="Deccansoft-6" errors="0">
  <testcase name="testA" time="0.007" classname="Module1.TestngSample"/>
  <testcase name="testC" time="0.002" classname="Module1.TestngSample"/>
  <testcase name="testB" time="0.005" classname="Module1.TestngSample"/>
</testsuite> <!-- Module1.TestngSample -->
