<?xml version="1.0" encoding="UTF-8"?>
<!-- Generated by org.testng.reporters.JUnitReportReporter -->
<testsuite name="Module1.DataProviderFromOtherClass" tests="2" time="0.043" ignored="0" failures="0" timestamp="28 Mar 2017 06:31:52 GMT" skipped="0" hostname="Deccansoft-6" errors="0">
  <testcase name="RestData" time="0.042" classname="Module1.DataProviderFromOtherClass"/>
  <testcase name="RestData" time="0.001" classname="Module1.DataProviderFromOtherClass"/>
</testsuite> <!-- Module1.DataProviderFromOtherClass -->
